<?xml version="1.0" encoding="UTF-8"?>
<!-- Generated by org.testng.reporters.JUnitReportReporter -->
<testsuite hostname="DESKTOP-NIEC8VU" failures="0" tests="2" name="org.pageexec.SearchHotel" time="10.942" errors="0" timestamp="2023-05-05T12:18:47 IST" skipped="0">
  <testcase classname="org.pageexec.SearchHotel" name="selectHotel" time="2.047"/>
  <system-out/>
  <testcase classname="org.pageexec.SearchHotel" name="searchHotel" time="8.895"/>
  <system-out/>
</testsuite> <!-- org.pageexec.SearchHotel -->
