<?xml version="1.0" encoding="UTF-8"?>
<!-- Generated by org.testng.reporters.JUnitReportReporter -->
<testsuite hostname="DESKTOP-NIEC8VU" failures="0" tests="1" name="org.pageexec.LoginExec" time="1.190" errors="0" timestamp="2023-05-05T12:18:47 IST" skipped="0">
  <testcase classname="org.pageexec.LoginExec" name="login" time="1.190"/>
  <system-out/>
</testsuite> <!-- org.pageexec.LoginExec -->
